<?xml version="1.0" encoding="UTF-8"?>
<!-- Generated by org.testng.reporters.JUnitReportReporter -->
<testsuite hostname="Aivin" failures="0" tests="1" name="Tests.LoginTest" time="5.109" errors="0" timestamp="2025-08-29T11:47:21 CDT" skipped="0">
  <testcase classname="Tests.LoginTest" name="testValidLogin" time="5.109"/>
</testsuite> <!-- Tests.LoginTest -->
